[debug] [2023-12-13T17:33:30.551Z] ----------------------------------------------------------------------
[debug] [2023-12-13T17:33:30.552Z] Command:       C:\Program Files\nodejs\node.exe C:\Users\LENOVO\AppData\Roaming\npm\node_modules\firebase-tools\lib\bin\firebase.js deploy
[debug] [2023-12-13T17:33:30.553Z] CLI Version:   13.0.1
[debug] [2023-12-13T17:33:30.553Z] Platform:      win32
[debug] [2023-12-13T17:33:30.553Z] Node Version:  v18.17.1
[debug] [2023-12-13T17:33:30.554Z] Time:          Wed Dec 13 2023 23:03:30 GMT+0530 (India Standard Time)
[debug] [2023-12-13T17:33:30.554Z] ----------------------------------------------------------------------
[debug] 
[debug] [2023-12-13T17:33:30.625Z] > command requires scopes: ["email","openid","https://www.googleapis.com/auth/cloudplatformprojects.readonly","https://www.googleapis.com/auth/firebase","https://www.googleapis.com/auth/cloud-platform"]
[debug] [2023-12-13T17:33:30.626Z] > authorizing via signed-in user (abc775732@gmail.com)
[debug] [2023-12-13T17:33:30.626Z] [iam] checking project filter-products-2a57d for permissions ["firebase.projects.get","firebasehosting.sites.update"]
[debug] [2023-12-13T17:33:30.628Z] >>> [apiv2][query] POST https://cloudresourcemanager.googleapis.com/v1/projects/filter-products-2a57d:testIamPermissions [none]
[debug] [2023-12-13T17:33:30.628Z] >>> [apiv2][(partial)header] POST https://cloudresourcemanager.googleapis.com/v1/projects/filter-products-2a57d:testIamPermissions x-goog-quota-user=projects/filter-products-2a57d
[debug] [2023-12-13T17:33:30.628Z] >>> [apiv2][body] POST https://cloudresourcemanager.googleapis.com/v1/projects/filter-products-2a57d:testIamPermissions {"permissions":["firebase.projects.get","firebasehosting.sites.update"]}
[debug] [2023-12-13T17:33:35.176Z] <<< [apiv2][status] POST https://cloudresourcemanager.googleapis.com/v1/projects/filter-products-2a57d:testIamPermissions 200
[debug] [2023-12-13T17:33:35.177Z] <<< [apiv2][body] POST https://cloudresourcemanager.googleapis.com/v1/projects/filter-products-2a57d:testIamPermissions {"permissions":["firebase.projects.get","firebasehosting.sites.update"]}
[debug] [2023-12-13T17:33:35.178Z] >>> [apiv2][query] GET https://firebase.googleapis.com/v1beta1/projects/filter-products-2a57d [none]
[debug] [2023-12-13T17:33:37.529Z] <<< [apiv2][status] GET https://firebase.googleapis.com/v1beta1/projects/filter-products-2a57d 200
[debug] [2023-12-13T17:33:37.529Z] <<< [apiv2][body] GET https://firebase.googleapis.com/v1beta1/projects/filter-products-2a57d {"projectId":"filter-products-2a57d","projectNumber":"677834803859","displayName":"filter-products","name":"projects/filter-products-2a57d","resources":{"hostingSite":"filter-products-2a57d"},"state":"ACTIVE","etag":"1_31b17017-227e-40de-a831-72feae7671de"}
[info] 
[info] === Deploying to 'filter-products-2a57d'...
[info] 
[info] i  deploying hosting 
[debug] [2023-12-13T17:33:37.535Z] >>> [apiv2][query] POST https://firebasehosting.googleapis.com/v1beta1/projects/-/sites/filter-products-2a57d/versions [none]
[debug] [2023-12-13T17:33:37.535Z] >>> [apiv2][body] POST https://firebasehosting.googleapis.com/v1beta1/projects/-/sites/filter-products-2a57d/versions {"status":"CREATED","labels":{"deployment-tool":"cli-firebase"}}
[debug] [2023-12-13T17:33:40.085Z] <<< [apiv2][status] POST https://firebasehosting.googleapis.com/v1beta1/projects/-/sites/filter-products-2a57d/versions 500
[debug] [2023-12-13T17:33:40.085Z] <<< [apiv2][body] POST https://firebasehosting.googleapis.com/v1beta1/projects/-/sites/filter-products-2a57d/versions {"error":{"code":500,"message":"Internal error encountered.","status":"INTERNAL"}}
[error] 
[error] Error: HTTP Error: 500, Internal error encountered.
[debug] [2023-12-13T17:33:42.415Z] Error Context: {
  "body": {
    "error": {
      "code": 500,
      "message": "Internal error encountered.",
      "status": "INTERNAL"
    }
  },
  "response": {
    "statusCode": 500
  }
}
